connections log:
{
    "-MA1551S-odms4rVbJ8W": {
      "id": "-MA1551S-odms4rVbJ8W",
      "from": "-MA1551S-odms4rVbJ8E",
      "to": "-MA1551S-odms4rVbJ8D",
      "params": {
        "label": "Oil Production b #1"
      }
    },
    "-MA1551S-odms4rVbJ8X": {
      "id": "-MA1551S-odms4rVbJ8X",
      "from": "-MA1551S-odms4rVbJ8G",
      "to": "-MA1551S-odms4rVbJ8F",
      "params": {
        "label": "Oil Production b #2"
      }
    },
    "-MA1551S-odms4rVbJ8Y": {
      "id": "-MA1551S-odms4rVbJ8Y",
      "from": "-MA1551S-odms4rVbJ8H",
      "to": "-MA1551S-odms4rVbJ8G",
      "params": {
        "label": "Oil Production b #3"
      }
    },
    "-MA1551S-odms4rVbJ8Z": {
      "id": "-MA1551S-odms4rVbJ8Z",
      "from": "-MA1551S-odms4rVbJ8H",
      "to": "-MA1551S-odms4rVbJ8I",
      "params": {
        "label": "Oil Production b #4"
      }
    },
    "-MA1551S-odms4rVbJ8_": {
      "id": "-MA1551S-odms4rVbJ8_",
      "from": "-MA1551S-odms4rVbJ8L",
      "to": "-MA1551S-odms4rVbJ8M",
      "params": {
        "label": "Oil Production b #5"
      }
    },
    "-MA1551S-odms4rVbJ8a": {
      "id": "-MA1551S-odms4rVbJ8a",
      "from": "-MA1551S-odms4rVbJ8M",
      "to": "-MA1551S-odms4rVbJ8N",
      "params": {
        "label": "Oil Production b #6"
      }
    },
    "-MA1551S-odms4rVbJ8b": {
      "id": "-MA1551S-odms4rVbJ8b",
      "from": "-MA1551S-odms4rVbJ8M",
      "to": "-MA1551S-odms4rVbJ8O",
      "params": {
        "label": "Oil Production b #7"
      }
    },
    "-MA1551S-odms4rVbJ8c": {
      "id": "-MA1551S-odms4rVbJ8c",
      "from": "-MA1551S-odms4rVbJ8P",
      "to": "-MA1551S-odms4rVbJ8M",
      "params": {
        "label": "Oil Production b #8"
      }
    },
    "-MA1551S-odms4rVbJ8d": {
      "id": "-MA1551S-odms4rVbJ8d",
      "from": "-MA1551S-odms4rVbJ8P",
      "to": "-MA1551S-odms4rVbJ8O",
      "params": {
        "label": "Oil Production b #9"
      }
    },
    "-MA1551S-odms4rVbJ8e": {
      "id": "-MA1551S-odms4rVbJ8e",
      "from": "-MA1551S-odms4rVbJ8Q",
      "to": "-MA1551S-odms4rVbJ8L",
      "params": {
        "label": "Oil Production b #10"
      }
    },
    "-MA1551S-odms4rVbJ8f": {
      "id": "-MA1551S-odms4rVbJ8f",
      "from": "-MA1551S-odms4rVbJ8D",
      "to": "-MA1551S-odms4rVbJ8P",
      "params": {
        "label": "Oil Production b #11"
      }
    },
    "-MA1551S-odms4rVbJ8g": {
      "id": "-MA1551S-odms4rVbJ8g",
      "from": "-MA1551S-odms4rVbJ8R",
      "to": "-MA1551S-odms4rVbJ8O",
      "params": {
        "label": "Oil Production b #12"
      }
    },
    "-MA1551S-odms4rVbJ8h": {
      "id": "-MA1551S-odms4rVbJ8h",
      "from": "-MA1551S-odms4rVbJ8S",
      "to": "-MA1551S-odms4rVbJ8N",
      "params": {
        "label": "Oil Production b #13"
      }
    },
    "-MA1551S-odms4rVbJ8i": {
      "id": "-MA1551S-odms4rVbJ8i",
      "from": "-MA1551S-odms4rVbJ8M",
      "to": "-MA1551S-odms4rVbJ8H",
      "params": {
        "label": "Oil Production b #14"
      }
    },
    "-MA1551S-odms4rVbJ8j": {
      "id": "-MA1551S-odms4rVbJ8j",
      "from": "-MA1551S-odms4rVbJ8F",
      "to": "-MA1551S-odms4rVbJ8J",
      "params": {
        "label": "Oil Production b #15"
      }
    },
    "-MA1551S-odms4rVbJ8k": {
      "id": "-MA1551S-odms4rVbJ8k",
      "from": "-MA1551S-odms4rVbJ8U",
      "to": "-MA1551S-odms4rVbJ8T",
      "params": {
        "label": "Oil Production b #16"
      }
    },
    "-MA1551S-odms4rVbJ8l": {
      "id": "-MA1551S-odms4rVbJ8l",
      "from": "-MA1551S-odms4rVbJ8V",
      "to": "-MA1551S-odms4rVbJ8T",
      "params": {
        "label": "Oil Production b #17"
      }
    },
    "-MA1551S-odms4rVbJ8m": {
      "id": "-MA1551S-odms4rVbJ8m",
      "from": "-MA1551S-odms4rVbJ8K",
      "to": "-MA1551S-odms4rVbJ8I",
      "params": {
        "label": "Umbilical #1"
      }
    },
    "-MA1551S-odms4rVbJ8n": {
      "id": "-MA1551S-odms4rVbJ8n",
      "from": "-MA1551S-odms4rVbJ8E",
      "to": "-MA1551S-odms4rVbJ8K",
      "params": {
        "label": "Umbilical #2"
      }
    }
  }
