graph:
{
  "stagedAssets": {
    "-MA1551S-odms4rVbJ8D": {
      "id": "-MA1551S-odms4rVbJ8D",
      "name": "SSIV #1",
      "connectionsAsFrom": {
        "-MA1551S-odms4rVbJ8f": true
      },
      "connectionsAsTo": {
        "-MA1551S-odms4rVbJ8W": true
      }
    },
    "-MA1551S-odms4rVbJ8E": {
      "id": "-MA1551S-odms4rVbJ8E",
      "name": "SSIV #2",
      "connectionsAsFrom": {
        "-MA1551S-odms4rVbJ8W": true,
        "-MA1551S-odms4rVbJ8n": true
      },
      "connectionsAsTo": {}
    },
    "-MA1551S-odms4rVbJ8F": {
      "id": "-MA1551S-odms4rVbJ8F",
      "name": "Manifold #1",
      "connectionsAsFrom": {
        "-MA1551S-odms4rVbJ8j": true
      },
      "connectionsAsTo": {
        "-MA1551S-odms4rVbJ8X": true
      }
    },
    "-MA1551S-odms4rVbJ8G": {
      "id": "-MA1551S-odms4rVbJ8G",
      "name": "PLET double #1",
      "connectionsAsFrom": {
        "-MA1551S-odms4rVbJ8X": true
      },
      "connectionsAsTo": {
        "-MA1551S-odms4rVbJ8Y": true
      }
    },
    "-MA1551S-odms4rVbJ8H": {
      "id": "-MA1551S-odms4rVbJ8H",
      "name": "Inline-T #1",
      "connectionsAsFrom": {
        "-MA1551S-odms4rVbJ8Y": true,
        "-MA1551S-odms4rVbJ8Z": true
      },
      "connectionsAsTo": {
        "-MA1551S-odms4rVbJ8i": true
      }
    },
    "-MA1551S-odms4rVbJ8I": {
      "id": "-MA1551S-odms4rVbJ8I",
      "name": "SSIV #3",
      "connectionsAsFrom": {},
      "connectionsAsTo": {
        "-MA1551S-odms4rVbJ8Z": true,
        "-MA1551S-odms4rVbJ8m": true
      }
    },
    "-MA1551S-odms4rVbJ8J": {
      "id": "-MA1551S-odms4rVbJ8J",
      "name": "Pump #1",
      "connectionsAsFrom": {},
      "connectionsAsTo": {
        "-MA1551S-odms4rVbJ8j": true
      }
    },
    "-MA1551S-odms4rVbJ8K": {
      "id": "-MA1551S-odms4rVbJ8K",
      "name": "Jacket-rig #1",
      "connectionsAsFrom": {
        "-MA1551S-odms4rVbJ8m": true
      },
      "connectionsAsTo": {
        "-MA1551S-odms4rVbJ8n": true
      }
    },
    "-MA1551S-odms4rVbJ8L": {
      "id": "-MA1551S-odms4rVbJ8L",
      "name": "SSIV #4",
      "connectionsAsFrom": {
        "-MA1551S-odms4rVbJ8_": true
      },
      "connectionsAsTo": {
        "-MA1551S-odms4rVbJ8e": true
      }
    },
    "-MA1551S-odms4rVbJ8M": {
      "id": "-MA1551S-odms4rVbJ8M",
      "name": "Manifold #2",
      "connectionsAsFrom": {
        "-MA1551S-odms4rVbJ8a": true,
        "-MA1551S-odms4rVbJ8b": true,
        "-MA1551S-odms4rVbJ8i": true
      },
      "connectionsAsTo": {
        "-MA1551S-odms4rVbJ8_": true,
        "-MA1551S-odms4rVbJ8c": true
      }
    },
    "-MA1551S-odms4rVbJ8N": {
      "id": "-MA1551S-odms4rVbJ8N",
      "name": "Inline-T #2",
      "connectionsAsFrom": {},
      "connectionsAsTo": {
        "-MA1551S-odms4rVbJ8a": true,
        "-MA1551S-odms4rVbJ8h": true
      }
    },
    "-MA1551S-odms4rVbJ8O": {
      "id": "-MA1551S-odms4rVbJ8O",
      "name": "Manifold #3",
      "connectionsAsFrom": {},
      "connectionsAsTo": {
        "-MA1551S-odms4rVbJ8b": true,
        "-MA1551S-odms4rVbJ8d": true,
        "-MA1551S-odms4rVbJ8g": true
      }
    },
    "-MA1551S-odms4rVbJ8P": {
      "id": "-MA1551S-odms4rVbJ8P",
      "name": "Manifold #4",
      "connectionsAsFrom": {
        "-MA1551S-odms4rVbJ8c": true,
        "-MA1551S-odms4rVbJ8d": true
      },
      "connectionsAsTo": {
        "-MA1551S-odms4rVbJ8f": true
      }
    },
    "-MA1551S-odms4rVbJ8Q": {
      "id": "-MA1551S-odms4rVbJ8Q",
      "name": "Manifold #5",
      "connectionsAsFrom": {
        "-MA1551S-odms4rVbJ8e": true
      },
      "connectionsAsTo": {}
    },
    "-MA1551S-odms4rVbJ8R": {
      "id": "-MA1551S-odms4rVbJ8R",
      "name": "Plem #1",
      "connectionsAsFrom": {
        "-MA1551S-odms4rVbJ8g": true
      },
      "connectionsAsTo": {}
    },
    "-MA1551S-odms4rVbJ8S": {
      "id": "-MA1551S-odms4rVbJ8S",
      "name": "XMT deep water #1",
      "connectionsAsFrom": {
        "-MA1551S-odms4rVbJ8h": true
      },
      "connectionsAsTo": {}
    },
    "-MA1551S-odms4rVbJ8T": {
      "id": "-MA1551S-odms4rVbJ8T",
      "name": "PLET double #2",
      "connectionsAsFrom": {},
      "connectionsAsTo": {
        "-MA1551S-odms4rVbJ8k": true,
        "-MA1551S-odms4rVbJ8l": true
      }
    },
    "-MA1551S-odms4rVbJ8U": {
      "id": "-MA1551S-odms4rVbJ8U",
      "name": "PLET single #1",
      "connectionsAsFrom": {
        "-MA1551S-odms4rVbJ8k": true
      },
      "connectionsAsTo": {}
    },
    "-MA1551S-odms4rVbJ8V": {
      "id": "-MA1551S-odms4rVbJ8V",
      "name": "SSIV #5",
      "connectionsAsFrom": {
        "-MA1551S-odms4rVbJ8l": true
      },
      "connectionsAsTo": {}
    }
  },
  "connections": {
    "-MA1551S-odms4rVbJ8W": {
      "id": "-MA1551S-odms4rVbJ8W",
      "from": "-MA1551S-odms4rVbJ8E",
      "to": "-MA1551S-odms4rVbJ8D",
      "params": {
        "label": "Oil Production b #1"
      }
    },
    "-MA1551S-odms4rVbJ8X": {
      "id": "-MA1551S-odms4rVbJ8X",
      "from": "-MA1551S-odms4rVbJ8G",
      "to": "-MA1551S-odms4rVbJ8F",
      "params": {
        "label": "Oil Production b #2"
      }
    },
    "-MA1551S-odms4rVbJ8Y": {
      "id": "-MA1551S-odms4rVbJ8Y",
      "from": "-MA1551S-odms4rVbJ8H",
      "to": "-MA1551S-odms4rVbJ8G",
      "params": {
        "label": "Oil Production b #3"
      }
    },
    "-MA1551S-odms4rVbJ8Z": {
      "id": "-MA1551S-odms4rVbJ8Z",
      "from": "-MA1551S-odms4rVbJ8H",
      "to": "-MA1551S-odms4rVbJ8I",
      "params": {
        "label": "Oil Production b #4"
      }
    },
    "-MA1551S-odms4rVbJ8_": {
      "id": "-MA1551S-odms4rVbJ8_",
      "from": "-MA1551S-odms4rVbJ8L",
      "to": "-MA1551S-odms4rVbJ8M",
      "params": {
        "label": "Oil Production b #5"
      }
    },
    "-MA1551S-odms4rVbJ8a": {
      "id": "-MA1551S-odms4rVbJ8a",
      "from": "-MA1551S-odms4rVbJ8M",
      "to": "-MA1551S-odms4rVbJ8N",
      "params": {
        "label": "Oil Production b #6"
      }
    },
    "-MA1551S-odms4rVbJ8b": {
      "id": "-MA1551S-odms4rVbJ8b",
      "from": "-MA1551S-odms4rVbJ8M",
      "to": "-MA1551S-odms4rVbJ8O",
      "params": {
        "label": "Oil Production b #7"
      }
    },
    "-MA1551S-odms4rVbJ8c": {
      "id": "-MA1551S-odms4rVbJ8c",
      "from": "-MA1551S-odms4rVbJ8P",
      "to": "-MA1551S-odms4rVbJ8M",
      "params": {
        "label": "Oil Production b #8"
      }
    },
    "-MA1551S-odms4rVbJ8d": {
      "id": "-MA1551S-odms4rVbJ8d",
      "from": "-MA1551S-odms4rVbJ8P",
      "to": "-MA1551S-odms4rVbJ8O",
      "params": {
        "label": "Oil Production b #9"
      }
    },
    "-MA1551S-odms4rVbJ8e": {
      "id": "-MA1551S-odms4rVbJ8e",
      "from": "-MA1551S-odms4rVbJ8Q",
      "to": "-MA1551S-odms4rVbJ8L",
      "params": {
        "label": "Oil Production b #10"
      }
    },
    "-MA1551S-odms4rVbJ8f": {
      "id": "-MA1551S-odms4rVbJ8f",
      "from": "-MA1551S-odms4rVbJ8D",
      "to": "-MA1551S-odms4rVbJ8P",
      "params": {
        "label": "Oil Production b #11"
      }
    },
    "-MA1551S-odms4rVbJ8g": {
      "id": "-MA1551S-odms4rVbJ8g",
      "from": "-MA1551S-odms4rVbJ8R",
      "to": "-MA1551S-odms4rVbJ8O",
      "params": {
        "label": "Oil Production b #12"
      }
    },
    "-MA1551S-odms4rVbJ8h": {
      "id": "-MA1551S-odms4rVbJ8h",
      "from": "-MA1551S-odms4rVbJ8S",
      "to": "-MA1551S-odms4rVbJ8N",
      "params": {
        "label": "Oil Production b #13"
      }
    },
    "-MA1551S-odms4rVbJ8i": {
      "id": "-MA1551S-odms4rVbJ8i",
      "from": "-MA1551S-odms4rVbJ8M",
      "to": "-MA1551S-odms4rVbJ8H",
      "params": {
        "label": "Oil Production b #14"
      }
    },
    "-MA1551S-odms4rVbJ8j": {
      "id": "-MA1551S-odms4rVbJ8j",
      "from": "-MA1551S-odms4rVbJ8F",
      "to": "-MA1551S-odms4rVbJ8J",
      "params": {
        "label": "Oil Production b #15"
      }
    },
    "-MA1551S-odms4rVbJ8k": {
      "id": "-MA1551S-odms4rVbJ8k",
      "from": "-MA1551S-odms4rVbJ8U",
      "to": "-MA1551S-odms4rVbJ8T",
      "params": {
        "label": "Oil Production b #16"
      }
    },
    "-MA1551S-odms4rVbJ8l": {
      "id": "-MA1551S-odms4rVbJ8l",
      "from": "-MA1551S-odms4rVbJ8V",
      "to": "-MA1551S-odms4rVbJ8T",
      "params": {
        "label": "Oil Production b #17"
      }
    },
    "-MA1551S-odms4rVbJ8m": {
      "id": "-MA1551S-odms4rVbJ8m",
      "from": "-MA1551S-odms4rVbJ8K",
      "to": "-MA1551S-odms4rVbJ8I",
      "params": {
        "label": "Umbilical #1"
      }
    },
    "-MA1551S-odms4rVbJ8n": {
      "id": "-MA1551S-odms4rVbJ8n",
      "from": "-MA1551S-odms4rVbJ8E",
      "to": "-MA1551S-odms4rVbJ8K",
      "params": {
        "label": "Umbilical #2"
      }
    }
  }
}
