
[
  {
    "id": "-MA1551S-odms4rVbJ8D",
    "name": "SSIV #1"
  },
  {
    "id": "-MA1551S-odms4rVbJ8E",
    "name": "SSIV #2"
  },
  {
    "id": "-MA1551S-odms4rVbJ8F",
    "name": "Manifold #1"
  },
  {
    "id": "-MA1551S-odms4rVbJ8G",
    "name": "PLET double #1"
  },
  {
    "id": "-MA1551S-odms4rVbJ8H",
    "name": "Inline-T #1"
  },
  {
    "id": "-MA1551S-odms4rVbJ8I",
    "name": "SSIV #3"
  },
  {
    "id": "-MA1551S-odms4rVbJ8J",
    "name": "Pump #1"
  },
  {
    "id": "-MA1551S-odms4rVbJ8K",
    "name": "Jacket-rig #1"
  },
  {
    "id": "-MA1551S-odms4rVbJ8L",
    "name": "SSIV #4"
  },
  {
    "id": "-MA1551S-odms4rVbJ8M",
    "name": "Manifold #2"
  },
  {
    "id": "-MA1551S-odms4rVbJ8N",
    "name": "Inline-T #2"
  },
  {
    "id": "-MA1551S-odms4rVbJ8O",
    "name": "Manifold #3"
  },
  {
    "id": "-MA1551S-odms4rVbJ8P",
    "name": "Manifold #4"
  },
  {
    "id": "-MA1551S-odms4rVbJ8Q",
    "name": "Manifold #5"
  },
  {
    "id": "-MA1551S-odms4rVbJ8R",
    "name": "Plem #1"
  },
  {
    "id": "-MA1551S-odms4rVbJ8S",
    "name": "XMT deep water #1"
  },
  {
    "id": "-MA1551S-odms4rVbJ8T",
    "name": "PLET double #2"
  },
  {
    "id": "-MA1551S-odms4rVbJ8U",
    "name": "PLET single #1"
  },
  {
    "id": "-MA1551S-odms4rVbJ8V",
    "name": "SSIV #5"
  }
]
